---------- Date: 2014-09-12 00:57:29 ~ IP : 81.25.53.30 ----------
REQUEST URI : /
MOD DETAILS:
   modFile   : /home/hellmixgui/domains/jinn.ru/public_html/vqmod/xml/vqmm_pav_blogs_menu_shortcut.xml
   id        : VQMod Pavo Blogs Shortcut
   version   : 1.0.0
   vqmver    : 2.3.0
   author    : pavothemes.com
SEARCH NOT FOUND (ABORTING MOD): $_['text_home']           = 'Home';

----------------------------------------------------------------------


---------- Date: 2014-09-12 01:12:58 ~ IP : 95.108.129.212 ----------
REQUEST URI : /
MOD DETAILS:
   modFile   : /home/hellmixgui/domains/jinn.ru/public_html/vqmod/xml/vqmm_pav_blogs_menu_shortcut.xml
   id        : VQMod Pavo Blogs Shortcut
   version   : 1.0.0
   vqmver    : 2.3.0
   author    : pavothemes.com
SEARCH NOT FOUND (ABORTING MOD): $_['text_home']           = 'Home';

----------------------------------------------------------------------


---------- Date: 2014-09-12 09:25:03 ~ IP : 95.25.99.179 ----------
REQUEST URI : /
MOD DETAILS:
   modFile   : /home/hellmixgui/domains/jinn.ru/public_html/vqmod/xml/vqmm_pav_blogs_menu_shortcut.xml
   id        : VQMod Pavo Blogs Shortcut
   version   : 1.0.0
   vqmver    : 2.3.0
   author    : pavothemes.com
SEARCH NOT FOUND (ABORTING MOD): $_['text_home']           = 'Home';

----------------------------------------------------------------------


---------- Date: 2014-09-12 09:25:58 ~ IP : 95.25.99.179 ----------
REQUEST URI : /?route=common/home
MOD DETAILS:
   modFile   : /home/hellmixgui/domains/jinn.ru/public_html/vqmod/xml/vqmm_pav_blogs_menu_shortcut.xml
   id        : VQMod Pavo Blogs Shortcut
   version   : 1.0.0
   vqmver    : 2.3.0
   author    : pavothemes.com
SEARCH NOT FOUND (ABORTING MOD): $_['text_home']           = 'Home';

----------------------------------------------------------------------


---------- Date: 2014-09-12 09:26:02 ~ IP : 95.25.99.179 ----------
REQUEST URI : /index.php?route=product/product&amp;product_id=42
MOD DETAILS:
   modFile   : /home/hellmixgui/domains/jinn.ru/public_html/vqmod/xml/vqmm_pav_blogs_menu_shortcut.xml
   id        : VQMod Pavo Blogs Shortcut
   version   : 1.0.0
   vqmver    : 2.3.0
   author    : pavothemes.com
SEARCH NOT FOUND (ABORTING MOD): $_['text_home']           = 'Home';

----------------------------------------------------------------------


---------- Date: 2014-09-12 09:30:50 ~ IP : 95.25.99.179 ----------
REQUEST URI : /
MOD DETAILS:
   modFile   : /home/hellmixgui/domains/jinn.ru/public_html/vqmod/xml/vqmm_pav_blogs_menu_shortcut.xml
   id        : VQMod Pavo Blogs Shortcut
   version   : 1.0.0
   vqmver    : 2.3.0
   author    : pavothemes.com
SEARCH NOT FOUND (ABORTING MOD): $_['text_home']           = 'Home';

----------------------------------------------------------------------


---------- Date: 2014-09-12 09:31:09 ~ IP : 95.25.99.179 ----------
REQUEST URI : /?route=common/home
MOD DETAILS:
   modFile   : /home/hellmixgui/domains/jinn.ru/public_html/vqmod/xml/vqmm_pav_blogs_menu_shortcut.xml
   id        : VQMod Pavo Blogs Shortcut
   version   : 1.0.0
   vqmver    : 2.3.0
   author    : pavothemes.com
SEARCH NOT FOUND (ABORTING MOD): $_['text_home']           = 'Home';

----------------------------------------------------------------------


---------- Date: 2014-09-12 09:31:53 ~ IP : 95.25.99.179 ----------
REQUEST URI : /index.php?route=information/information&amp;information_id=0
MOD DETAILS:
   modFile   : /home/hellmixgui/domains/jinn.ru/public_html/vqmod/xml/vqmm_pav_blogs_menu_shortcut.xml
   id        : VQMod Pavo Blogs Shortcut
   version   : 1.0.0
   vqmver    : 2.3.0
   author    : pavothemes.com
SEARCH NOT FOUND (ABORTING MOD): $_['text_home']           = 'Home';

----------------------------------------------------------------------


---------- Date: 2014-09-12 09:32:02 ~ IP : 95.25.99.179 ----------
REQUEST URI : /?route=common/home
MOD DETAILS:
   modFile   : /home/hellmixgui/domains/jinn.ru/public_html/vqmod/xml/vqmm_pav_blogs_menu_shortcut.xml
   id        : VQMod Pavo Blogs Shortcut
   version   : 1.0.0
   vqmver    : 2.3.0
   author    : pavothemes.com
SEARCH NOT FOUND (ABORTING MOD): $_['text_home']           = 'Home';

----------------------------------------------------------------------


---------- Date: 2014-09-12 10:16:59 ~ IP : 81.25.53.30 ----------
REQUEST URI : /
MOD DETAILS:
   modFile   : /home/hellmixgui/domains/jinn.ru/public_html/vqmod/xml/vqmm_pav_blogs_menu_shortcut.xml
   id        : VQMod Pavo Blogs Shortcut
   version   : 1.0.0
   vqmver    : 2.3.0
   author    : pavothemes.com
SEARCH NOT FOUND (ABORTING MOD): $_['text_home']           = 'Home';

----------------------------------------------------------------------


---------- Date: 2014-09-12 10:33:40 ~ IP : 81.25.53.30 ----------
REQUEST URI : /
MOD DETAILS:
   modFile   : /home/hellmixgui/domains/jinn.ru/public_html/vqmod/xml/vqmm_pav_blogs_menu_shortcut.xml
   id        : VQMod Pavo Blogs Shortcut
   version   : 1.0.0
   vqmver    : 2.3.0
   author    : pavothemes.com
SEARCH NOT FOUND (ABORTING MOD): $_['text_home']           = 'Home';

----------------------------------------------------------------------


---------- Date: 2014-09-12 12:51:16 ~ IP : 46.183.179.70 ----------
REQUEST URI : /
MOD DETAILS:
   modFile   : /home/hellmixgui/domains/jinn.ru/public_html/vqmod/xml/vqmm_pav_blogs_menu_shortcut.xml
   id        : VQMod Pavo Blogs Shortcut
   version   : 1.0.0
   vqmver    : 2.3.0
   author    : pavothemes.com
SEARCH NOT FOUND (ABORTING MOD): $_['text_home']           = 'Home';

----------------------------------------------------------------------


---------- Date: 2014-09-12 12:52:20 ~ IP : 46.183.179.70 ----------
REQUEST URI : /index.php?route=information/information&amp;information_id=4
MOD DETAILS:
   modFile   : /home/hellmixgui/domains/jinn.ru/public_html/vqmod/xml/vqmm_pav_blogs_menu_shortcut.xml
   id        : VQMod Pavo Blogs Shortcut
   version   : 1.0.0
   vqmver    : 2.3.0
   author    : pavothemes.com
SEARCH NOT FOUND (ABORTING MOD): $_['text_home']           = 'Home';

----------------------------------------------------------------------


---------- Date: 2014-09-12 12:52:25 ~ IP : 46.183.179.70 ----------
REQUEST URI : /index.php?route=product/category&amp;path=67
MOD DETAILS:
   modFile   : /home/hellmixgui/domains/jinn.ru/public_html/vqmod/xml/vqmm_pav_blogs_menu_shortcut.xml
   id        : VQMod Pavo Blogs Shortcut
   version   : 1.0.0
   vqmver    : 2.3.0
   author    : pavothemes.com
SEARCH NOT FOUND (ABORTING MOD): $_['text_home']           = 'Home';

----------------------------------------------------------------------


---------- Date: 2014-09-12 12:52:27 ~ IP : 46.183.179.70 ----------
REQUEST URI : /index.php?route=common/home
MOD DETAILS:
   modFile   : /home/hellmixgui/domains/jinn.ru/public_html/vqmod/xml/vqmm_pav_blogs_menu_shortcut.xml
   id        : VQMod Pavo Blogs Shortcut
   version   : 1.0.0
   vqmver    : 2.3.0
   author    : pavothemes.com
SEARCH NOT FOUND (ABORTING MOD): $_['text_home']           = 'Home';

----------------------------------------------------------------------


---------- Date: 2014-09-12 14:37:24 ~ IP : 213.180.206.198 ----------
REQUEST URI : /
MOD DETAILS:
   modFile   : /home/hellmixgui/domains/jinn.ru/public_html/vqmod/xml/vqmm_pav_blogs_menu_shortcut.xml
   id        : VQMod Pavo Blogs Shortcut
   version   : 1.0.0
   vqmver    : 2.3.0
   author    : pavothemes.com
SEARCH NOT FOUND (ABORTING MOD): $_['text_home']           = 'Home';

----------------------------------------------------------------------


