---------- Date: 2014-09-14 14:38:34 ~ IP : 213.180.206.198 ----------
REQUEST URI : /
MOD DETAILS:
   modFile   : /home/hellmixgui/domains/jinn.ru/public_html/vqmod/xml/vqmm_pav_blogs_menu_shortcut.xml
   id        : VQMod Pavo Blogs Shortcut
   version   : 1.0.0
   vqmver    : 2.3.0
   author    : pavothemes.com
SEARCH NOT FOUND (ABORTING MOD): $_['text_home']           = 'Home';

----------------------------------------------------------------------


---------- Date: 2014-09-14 18:57:26 ~ IP : 81.25.53.30 ----------
REQUEST URI : /
MOD DETAILS:
   modFile   : /home/hellmixgui/domains/jinn.ru/public_html/vqmod/xml/vqmm_pav_blogs_menu_shortcut.xml
   id        : VQMod Pavo Blogs Shortcut
   version   : 1.0.0
   vqmver    : 2.3.0
   author    : pavothemes.com
SEARCH NOT FOUND (ABORTING MOD): $_['text_home']           = 'Home';

----------------------------------------------------------------------


---------- Date: 2014-09-14 18:57:53 ~ IP : 81.25.53.30 ----------
REQUEST URI : /index.php?route=product/category&amp;path=64
MOD DETAILS:
   modFile   : /home/hellmixgui/domains/jinn.ru/public_html/vqmod/xml/vqmm_pav_blogs_menu_shortcut.xml
   id        : VQMod Pavo Blogs Shortcut
   version   : 1.0.0
   vqmver    : 2.3.0
   author    : pavothemes.com
SEARCH NOT FOUND (ABORTING MOD): $_['text_home']           = 'Home';

----------------------------------------------------------------------


---------- Date: 2014-09-14 18:58:06 ~ IP : 81.25.53.30 ----------
REQUEST URI : /index.php?route=product/category&amp;path=61
MOD DETAILS:
   modFile   : /home/hellmixgui/domains/jinn.ru/public_html/vqmod/xml/vqmm_pav_blogs_menu_shortcut.xml
   id        : VQMod Pavo Blogs Shortcut
   version   : 1.0.0
   vqmver    : 2.3.0
   author    : pavothemes.com
SEARCH NOT FOUND (ABORTING MOD): $_['text_home']           = 'Home';

----------------------------------------------------------------------


---------- Date: 2014-09-14 18:58:25 ~ IP : 81.25.53.30 ----------
REQUEST URI : /index.php?route=product/category&amp;path=60
MOD DETAILS:
   modFile   : /home/hellmixgui/domains/jinn.ru/public_html/vqmod/xml/vqmm_pav_blogs_menu_shortcut.xml
   id        : VQMod Pavo Blogs Shortcut
   version   : 1.0.0
   vqmver    : 2.3.0
   author    : pavothemes.com
SEARCH NOT FOUND (ABORTING MOD): $_['text_home']           = 'Home';

----------------------------------------------------------------------


---------- Date: 2014-09-14 18:58:30 ~ IP : 81.25.53.30 ----------
REQUEST URI : /index.php?route=product/category&amp;path=62
MOD DETAILS:
   modFile   : /home/hellmixgui/domains/jinn.ru/public_html/vqmod/xml/vqmm_pav_blogs_menu_shortcut.xml
   id        : VQMod Pavo Blogs Shortcut
   version   : 1.0.0
   vqmver    : 2.3.0
   author    : pavothemes.com
SEARCH NOT FOUND (ABORTING MOD): $_['text_home']           = 'Home';

----------------------------------------------------------------------


---------- Date: 2014-09-14 18:58:34 ~ IP : 81.25.53.30 ----------
REQUEST URI : /index.php?route=product/category&amp;path=69
MOD DETAILS:
   modFile   : /home/hellmixgui/domains/jinn.ru/public_html/vqmod/xml/vqmm_pav_blogs_menu_shortcut.xml
   id        : VQMod Pavo Blogs Shortcut
   version   : 1.0.0
   vqmver    : 2.3.0
   author    : pavothemes.com
SEARCH NOT FOUND (ABORTING MOD): $_['text_home']           = 'Home';

----------------------------------------------------------------------


---------- Date: 2014-09-14 18:58:52 ~ IP : 81.25.53.30 ----------
REQUEST URI : /index.php?route=information/information&amp;information_id=0
MOD DETAILS:
   modFile   : /home/hellmixgui/domains/jinn.ru/public_html/vqmod/xml/vqmm_pav_blogs_menu_shortcut.xml
   id        : VQMod Pavo Blogs Shortcut
   version   : 1.0.0
   vqmver    : 2.3.0
   author    : pavothemes.com
SEARCH NOT FOUND (ABORTING MOD): $_['text_home']           = 'Home';

----------------------------------------------------------------------


---------- Date: 2014-09-14 18:58:57 ~ IP : 81.25.53.30 ----------
REQUEST URI : /?route=common/home
MOD DETAILS:
   modFile   : /home/hellmixgui/domains/jinn.ru/public_html/vqmod/xml/vqmm_pav_blogs_menu_shortcut.xml
   id        : VQMod Pavo Blogs Shortcut
   version   : 1.0.0
   vqmver    : 2.3.0
   author    : pavothemes.com
SEARCH NOT FOUND (ABORTING MOD): $_['text_home']           = 'Home';

----------------------------------------------------------------------


---------- Date: 2014-09-14 19:35:43 ~ IP : 195.91.232.65 ----------
REQUEST URI : /
MOD DETAILS:
   modFile   : /home/hellmixgui/domains/jinn.ru/public_html/vqmod/xml/vqmm_pav_blogs_menu_shortcut.xml
   id        : VQMod Pavo Blogs Shortcut
   version   : 1.0.0
   vqmver    : 2.3.0
   author    : pavothemes.com
SEARCH NOT FOUND (ABORTING MOD): $_['text_home']           = 'Home';

----------------------------------------------------------------------


---------- Date: 2014-09-14 19:36:26 ~ IP : 195.91.232.65 ----------
REQUEST URI : /index.php?route=product/category&amp;path=59
MOD DETAILS:
   modFile   : /home/hellmixgui/domains/jinn.ru/public_html/vqmod/xml/vqmm_pav_blogs_menu_shortcut.xml
   id        : VQMod Pavo Blogs Shortcut
   version   : 1.0.0
   vqmver    : 2.3.0
   author    : pavothemes.com
SEARCH NOT FOUND (ABORTING MOD): $_['text_home']           = 'Home';

----------------------------------------------------------------------


---------- Date: 2014-09-14 20:15:56 ~ IP : 95.108.129.212 ----------
REQUEST URI : /
MOD DETAILS:
   modFile   : /home/hellmixgui/domains/jinn.ru/public_html/vqmod/xml/vqmm_pav_blogs_menu_shortcut.xml
   id        : VQMod Pavo Blogs Shortcut
   version   : 1.0.0
   vqmver    : 2.3.0
   author    : pavothemes.com
SEARCH NOT FOUND (ABORTING MOD): $_['text_home']           = 'Home';

----------------------------------------------------------------------


