---------- Date: 2014-09-10 13:54:14 ~ IP : 193.232.173.151 ----------
REQUEST URI : /
MOD DETAILS:
   modFile   : /home/hellmixgui/domains/jinn.ru/public_html/vqmod/xml/vqmm_pav_blogs_menu_shortcut.xml
   id        : VQMod Pavo Blogs Shortcut
   version   : 1.0.0
   vqmver    : 2.3.0
   author    : pavothemes.com
SEARCH NOT FOUND (ABORTING MOD): $_['text_home']           = 'Home';

----------------------------------------------------------------------


---------- Date: 2014-09-10 14:36:52 ~ IP : 213.180.206.198 ----------
REQUEST URI : /
MOD DETAILS:
   modFile   : /home/hellmixgui/domains/jinn.ru/public_html/vqmod/xml/vqmm_pav_blogs_menu_shortcut.xml
   id        : VQMod Pavo Blogs Shortcut
   version   : 1.0.0
   vqmver    : 2.3.0
   author    : pavothemes.com
SEARCH NOT FOUND (ABORTING MOD): $_['text_home']           = 'Home';

----------------------------------------------------------------------


---------- Date: 2014-09-10 16:38:26 ~ IP : 95.108.129.212 ----------
REQUEST URI : /
MOD DETAILS:
   modFile   : /home/hellmixgui/domains/jinn.ru/public_html/vqmod/xml/vqmm_pav_blogs_menu_shortcut.xml
   id        : VQMod Pavo Blogs Shortcut
   version   : 1.0.0
   vqmver    : 2.3.0
   author    : pavothemes.com
SEARCH NOT FOUND (ABORTING MOD): $_['text_home']           = 'Home';

----------------------------------------------------------------------


---------- Date: 2014-09-10 17:15:23 ~ IP : 193.232.173.151 ----------
REQUEST URI : /
MOD DETAILS:
   modFile   : /home/hellmixgui/domains/jinn.ru/public_html/vqmod/xml/vqmm_pav_blogs_menu_shortcut.xml
   id        : VQMod Pavo Blogs Shortcut
   version   : 1.0.0
   vqmver    : 2.3.0
   author    : pavothemes.com
SEARCH NOT FOUND (ABORTING MOD): $_['text_home']           = 'Home';

----------------------------------------------------------------------


---------- Date: 2014-09-10 17:16:08 ~ IP : 193.232.173.151 ----------
REQUEST URI : /
MOD DETAILS:
   modFile   : /home/hellmixgui/domains/jinn.ru/public_html/vqmod/xml/vqmm_pav_blogs_menu_shortcut.xml
   id        : VQMod Pavo Blogs Shortcut
   version   : 1.0.0
   vqmver    : 2.3.0
   author    : pavothemes.com
SEARCH NOT FOUND (ABORTING MOD): $_['text_home']           = 'Home';

----------------------------------------------------------------------


---------- Date: 2014-09-10 17:18:44 ~ IP : 193.232.173.151 ----------
REQUEST URI : /index.php?route=product/category&amp;path=68
MOD DETAILS:
   modFile   : /home/hellmixgui/domains/jinn.ru/public_html/vqmod/xml/vqmm_pav_blogs_menu_shortcut.xml
   id        : VQMod Pavo Blogs Shortcut
   version   : 1.0.0
   vqmver    : 2.3.0
   author    : pavothemes.com
SEARCH NOT FOUND (ABORTING MOD): $_['text_home']           = 'Home';

----------------------------------------------------------------------


---------- Date: 2014-09-10 22:05:15 ~ IP : 81.25.53.30 ----------
REQUEST URI : /
MOD DETAILS:
   modFile   : /home/hellmixgui/domains/jinn.ru/public_html/vqmod/xml/vqmm_pav_blogs_menu_shortcut.xml
   id        : VQMod Pavo Blogs Shortcut
   version   : 1.0.0
   vqmver    : 2.3.0
   author    : pavothemes.com
SEARCH NOT FOUND (ABORTING MOD): $_['text_home']           = 'Home';

----------------------------------------------------------------------


---------- Date: 2014-09-10 22:07:08 ~ IP : 81.25.53.30 ----------
REQUEST URI : /
MOD DETAILS:
   modFile   : /home/hellmixgui/domains/jinn.ru/public_html/vqmod/xml/vqmm_pav_blogs_menu_shortcut.xml
   id        : VQMod Pavo Blogs Shortcut
   version   : 1.0.0
   vqmver    : 2.3.0
   author    : pavothemes.com
SEARCH NOT FOUND (ABORTING MOD): $_['text_home']           = 'Home';

----------------------------------------------------------------------


---------- Date: 2014-09-10 23:19:01 ~ IP : 109.188.126.224 ----------
REQUEST URI : /
MOD DETAILS:
   modFile   : /home/hellmixgui/domains/jinn.ru/public_html/vqmod/xml/vqmm_pav_blogs_menu_shortcut.xml
   id        : VQMod Pavo Blogs Shortcut
   version   : 1.0.0
   vqmver    : 2.3.0
   author    : pavothemes.com
SEARCH NOT FOUND (ABORTING MOD): $_['text_home']           = 'Home';

----------------------------------------------------------------------


